[2026-03-16 23:35:58] --- session start --- Reduced=41659 Special=2360
[2026-03-16 23:36:49] q
[2026-03-16 23:36:49] --- session end ---
[2026-03-16 23:40:08] --- session start --- Reduced=41659 Special=2360
[2026-03-16 23:42:49] r 45 210
[2026-03-16 23:42:57] show1 45
[2026-03-16 23:44:02] s 45 159
[2026-03-16 23:44:26] show1 45
[2026-03-16 23:46:32] see 45 7
[2026-03-16 23:52:38] s 45 188
[2026-03-16 23:53:34] r 45 189
[2026-03-16 23:53:43] show1 45
[2026-03-16 23:56:15] q
[2026-03-16 23:56:15] --- session end ---
[2026-03-17 00:20:03] --- session start --- Reduced=41732 Special=2364
[2026-03-17 00:20:07] s45 166
[2026-03-17 00:20:12] s 45 166
[2026-03-17 00:20:58] bottom
[2026-03-17 00:21:12] show 189
[2026-03-17 00:21:26] s 8 2
[2026-03-17 00:21:59] show 189
[2026-03-17 00:23:16] s 51 2
[2026-03-17 00:24:34] r 152 189
[2026-03-17 00:24:52] show 189
[2026-03-17 00:31:33] s 118 20
[2026-03-17 00:33:07] show2 20
[2026-03-17 00:37:23] bottom
[2026-03-17 00:37:32] show 144
[2026-03-17 00:37:46] show 7
[2026-03-17 00:38:09] show 152
[2026-03-17 00:38:50] s 152 199
[2026-03-17 00:38:56] show 152
[2026-03-17 00:40:00] s 152 166
[2026-03-17 00:40:24] show 152
[2026-03-17 00:41:27] r 152 213
[2026-03-17 00:43:53] r 152 188
[2026-03-17 00:44:29] bottom
[2026-03-17 00:44:40] show 213
[2026-03-17 00:48:25] show 45
[2026-03-17 00:54:48] bottom
[2026-03-17 00:55:07] botton1
[2026-03-17 00:55:10] bottom1
[2026-03-17 00:55:26] bottom 50
[2026-03-17 00:55:40] show 29
[2026-03-17 02:05:59] --- session start --- Reduced=41738 Special=2375
[2026-03-17 02:06:25] show 78
[2026-03-17 02:08:00] see 191 155
[2026-03-17 02:08:23] top
[2026-03-17 02:08:45] info 33
[2026-03-17 02:09:04] info 34
[2026-03-17 02:09:07] show 34
[2026-03-17 02:09:36] see 25 34
[2026-03-17 02:09:42] top
[2026-03-17 02:09:50] info 130
[2026-03-17 02:13:21] show 78
[2026-03-17 02:13:27] info 78
[2026-03-17 02:13:32] show1 86
[2026-03-17 02:15:19] info 115
[2026-03-17 02:15:23] show1 115
[2026-03-17 02:16:00] propagate
[2026-03-17 02:16:59] show 16
[2026-03-17 02:17:02] bottom
[2026-03-17 02:17:05] help
[2026-03-17 02:17:08] completed
[2026-03-17 02:17:15] completed1
[2026-03-17 02:17:21] completed2
[2026-03-17 02:17:36] bottom
[2026-03-17 02:17:54] show 50
[2026-03-17 02:19:46] r 50 187
[2026-03-17 02:20:03] r 82 50
[2026-03-17 02:20:11] show 50
[2026-03-17 02:20:59] see 118 36
[2026-03-17 02:21:11] see 27 118
[2026-03-17 02:21:55] show1 118
[2026-03-17 02:22:33] see 200 118
[2026-03-17 02:22:58] s 118 200
[2026-03-17 02:24:42] show1 118
[2026-03-17 02:25:06] show 50
[2026-03-17 02:25:41] see 118 36
[2026-03-17 02:25:55] see 118 27
[2026-03-17 02:26:14] see 118 2
[2026-03-17 02:29:41] s 118 47
[2026-03-17 02:30:06] show 118
[2026-03-17 02:30:38] r 82 118
[2026-03-17 02:30:47] bottom
[2026-03-17 02:31:00] show 144
[2026-03-17 02:31:45] show 7
[2026-03-17 02:31:51] show 144
[2026-03-17 02:35:45] show 51
[2026-03-17 02:38:00] r 51 144
[2026-03-17 02:38:50] r 51 144
[2026-03-17 02:38:57] r 51 213
[2026-03-17 02:39:03] show 51
[2026-03-17 02:39:42] r 51 187
[2026-03-17 02:39:50] show 51
[2026-03-17 02:40:48] s 51 188
[2026-03-17 02:41:15] s 51 11
[2026-03-17 02:41:24] show 51
[2026-03-17 02:41:48] s 51 47
[2026-03-17 02:42:43] r 51 8
[2026-03-17 02:43:21] show 51
[2026-03-17 02:49:35] s 49 51
[2026-03-17 02:49:50] show 49
[2026-03-17 02:50:39] s 49 144
[2026-03-17 02:50:46] show 49
[2026-03-17 02:51:13] s 49 199
[2026-03-17 02:51:36] s 49 213
[2026-03-17 02:51:53] bottom
[2026-03-17 02:51:58] show 213
[2026-03-17 02:53:36] top
[2026-03-17 02:53:42] info 100
[2026-03-17 02:54:08] propagate
[2026-03-17 02:54:15] status
[2026-03-17 02:56:07] bottom
[2026-03-17 02:56:21] show 46
[2026-03-17 02:57:21] r 46 47
[2026-03-17 02:57:25] show 46
[2026-03-17 02:57:28] show 47
[2026-03-17 02:57:40] bottom
[2026-03-17 02:57:45] random
[2026-03-17 02:58:16] q
[2026-03-17 02:58:16] --- session end ---
[2026-03-17 03:24:35] --- session start --- Reduced=41752 Special=2388
[2026-03-17 03:24:40] show 12
[2026-03-17 03:25:22] see 42 12
[2026-03-17 03:27:18] r 82 12
[2026-03-17 03:28:15] show 82
[2026-03-17 03:28:32] see 42 210
[2026-03-17 03:28:38] r 42 210
[2026-03-17 03:28:44] r 82 210
[2026-03-17 03:28:57] show 82
[2026-03-17 03:29:49] see 42 11
[2026-03-17 03:29:56] r 82 11
[2026-03-17 03:30:17] see 42 166
[2026-03-17 03:31:14] r 82 182
[2026-03-17 03:31:45] r 82 27
[2026-03-17 03:31:54] see 82
[2026-03-17 03:31:58] show 82
[2026-03-17 03:34:16] q
[2026-03-17 03:34:16] --- session end ---
[2026-03-17 03:36:07] --- session start --- Reduced=41786 Special=2388
[2026-03-17 03:36:19] show 82
[2026-03-17 03:37:03] r 82 20
[2026-03-17 03:37:17] show 82
[2026-03-17 03:37:26] help
[2026-03-17 03:38:04] show 42
[2026-03-17 03:38:58] s 159 42
[2026-03-17 03:43:14] s 42 166
[2026-03-17 03:44:52] s 42 151
[2026-03-17 03:45:08] show 42
[2026-03-17 03:45:39] s 42 160
[2026-03-17 03:50:05] s 42 150
[2026-03-17 03:50:24] show 42
[2026-03-17 03:51:36] s 42 167
[2026-03-17 03:51:42] bottom
[2026-03-17 03:52:01] show 189
[2026-03-17 03:53:23] show 188
[2026-03-17 03:53:56] show1 48
[2026-03-17 03:54:51] see 48 7
[2026-03-17 03:55:10] r 48 11
[2026-03-17 03:55:47] r 48 188
[2026-03-17 03:55:55] show1 48
[2026-03-17 03:56:15] show1 200
[2026-03-17 03:56:34] r 48 187
[2026-03-17 03:56:46] show 48
[2026-03-17 03:56:52] bottom
[2026-03-17 03:57:15] show 12
[2026-03-17 04:00:44] s 118 12
[2026-03-17 04:00:54] bottom
[2026-03-17 04:01:17] see 15
[2026-03-17 04:01:22] shpw 15
[2026-03-17 04:01:28] show 15
[2026-03-17 04:03:05] s 19 15
[2026-03-17 04:04:51] q
[2026-03-17 04:04:51] --- session end ---
[2026-03-17 04:07:08] --- session start --- Reduced=41799 Special=2415
[2026-03-17 04:07:09] log
[2026-03-17 04:07:22] bottom
[2026-03-17 04:07:28] show 50
[2026-03-17 04:07:43] show 144
[2026-03-17 04:09:20] r 45 144
[2026-03-17 04:09:23]   +pairs_reduced (S000045, S000144) [direct]
[2026-03-17 04:09:23]   +reduced (S000045, S000152) [closure rule 3, origin: r 45 144]
[2026-03-17 04:09:32] show 45
[2026-03-17 04:10:44] r 45 213
[2026-03-17 04:10:45]   +pairs_reduced (S000045, S000213) [direct]
[2026-03-17 04:12:36] r 45 11
[2026-03-17 04:12:38]   +pairs_reduced (S000045, S000011) [direct]
[2026-03-17 04:12:45] bottom
[2026-03-17 04:12:53] show 8
[2026-03-17 04:13:33] r 8 11
[2026-03-17 04:13:38]   +pairs_reduced (S000008, S000011) [direct]
[2026-03-17 04:13:45] top
[2026-03-17 04:13:57] bottom
[2026-03-17 04:14:09] bottom 40
[2026-03-17 04:14:21] show 11
[2026-03-17 04:14:42] r 9 11
[2026-03-17 04:15:12]   +pairs_reduced (S000009, S000011) [direct]
[2026-03-17 04:15:37] show 187
[2026-03-17 04:15:54] s 217 187
[2026-03-17 04:15:55]   +special_pairs (S000217, S000187) [direct]
[2026-03-17 04:16:25] status
[2026-03-17 04:16:43] see 25 2
[2026-03-17 04:17:46] show 25
[2026-03-17 04:19:23] s 192 25
[2026-03-17 04:19:25]   +special_pairs (S000192, S000025) [direct]
[2026-03-17 04:19:25]   +special (S000192, S000002) [closure rule 1, origin: s 192 25]
[2026-03-17 04:19:25]   +special (S000192, S000020) [closure rule 1, origin: s 192 25]
[2026-03-17 04:19:25]   +special (S000192, S000026) [closure rule 1, origin: s 192 25]
[2026-03-17 04:19:25]   +special (S000192, S000027) [closure rule 1, origin: s 192 25]
[2026-03-17 04:19:25]   +special (S000192, S000028) [closure rule 1, origin: s 192 25]
[2026-03-17 04:19:25]   +special (S000192, S000033) [closure rule 1, origin: s 192 25]
[2026-03-17 04:19:25]   +special (S000192, S000034) [closure rule 1, origin: s 192 25]
[2026-03-17 04:19:25]   +special (S000192, S000062) [closure rule 1, origin: s 192 25]
[2026-03-17 04:19:25]   +special (S000192, S000146) [closure rule 1, origin: s 192 25]
[2026-03-17 04:19:25]   +special (S000192, S000147) [closure rule 1, origin: s 192 25]
[2026-03-17 04:19:25]   +special (S000192, S000148) [closure rule 1, origin: s 192 25]
[2026-03-17 04:19:25]   +special (S000192, S000158) [closure rule 1, origin: s 192 25]
[2026-03-17 04:19:25]   +special (S000192, S000198) [closure rule 1, origin: s 192 25]
[2026-03-17 04:19:25]   +special (S000192, S000202) [closure rule 1, origin: s 192 25]
[2026-03-17 04:19:25]   +special (S000192, S000210) [closure rule 1, origin: s 192 25]
[2026-03-17 04:21:18] see 74
[2026-03-17 04:21:24] show1 74
[2026-03-17 04:21:32] s 74 176
[2026-03-17 04:21:34]   +special_pairs (S000074, S000176) [direct]
[2026-03-17 04:21:34]   +special (S000074, S000020) [closure rule 1, origin: s 74 176]
[2026-03-17 04:21:34]   +special (S000074, S000025) [closure rule 1, origin: s 74 176]
[2026-03-17 04:21:34]   +special (S000074, S000026) [closure rule 1, origin: s 74 176]
[2026-03-17 04:21:34]   +special (S000074, S000027) [closure rule 1, origin: s 74 176]
[2026-03-17 04:21:34]   +special (S000074, S000028) [closure rule 1, origin: s 74 176]
[2026-03-17 04:21:34]   +special (S000074, S000033) [closure rule 1, origin: s 74 176]
[2026-03-17 04:21:34]   +special (S000074, S000034) [closure rule 1, origin: s 74 176]
[2026-03-17 04:21:34]   +special (S000074, S000062) [closure rule 1, origin: s 74 176]
[2026-03-17 04:21:34]   +special (S000074, S000112) [closure rule 1, origin: s 74 176]
[2026-03-17 04:21:34]   +special (S000074, S000113) [closure rule 1, origin: s 74 176]
[2026-03-17 04:21:34]   +special (S000074, S000114) [closure rule 1, origin: s 74 176]
[2026-03-17 04:21:34]   +special (S000074, S000115) [closure rule 1, origin: s 74 176]
[2026-03-17 04:21:34]   +special (S000074, S000116) [closure rule 1, origin: s 74 176]
[2026-03-17 04:21:34]   +special (S000074, S000117) [closure rule 1, origin: s 74 176]
[2026-03-17 04:21:34]   +special (S000074, S000119) [closure rule 1, origin: s 74 176]
[2026-03-17 04:21:34]   +special (S000074, S000121) [closure rule 1, origin: s 74 176]
[2026-03-17 04:21:34]   +special (S000074, S000125) [closure rule 1, origin: s 74 176]
[2026-03-17 04:21:34]   +special (S000074, S000126) [closure rule 1, origin: s 74 176]
[2026-03-17 04:21:34]   +special (S000074, S000127) [closure rule 1, origin: s 74 176]
[2026-03-17 04:21:34]   +special (S000074, S000128) [closure rule 1, origin: s 74 176]
[2026-03-17 04:21:34]   +special (S000074, S000132) [closure rule 1, origin: s 74 176]
[2026-03-17 04:21:34]   +special (S000074, S000142) [closure rule 1, origin: s 74 176]
[2026-03-17 04:21:34]   +special (S000074, S000146) [closure rule 1, origin: s 74 176]
[2026-03-17 04:21:34]   +special (S000074, S000147) [closure rule 1, origin: s 74 176]
[2026-03-17 04:21:34]   +special (S000074, S000148) [closure rule 1, origin: s 74 176]
[2026-03-17 04:21:34]   +special (S000074, S000158) [closure rule 1, origin: s 74 176]
[2026-03-17 04:21:34]   +special (S000074, S000170) [closure rule 1, origin: s 74 176]
[2026-03-17 04:21:34]   +special (S000074, S000198) [closure rule 1, origin: s 74 176]
[2026-03-17 04:21:34]   +special (S000074, S000201) [closure rule 1, origin: s 74 176]
[2026-03-17 04:21:34]   +special (S000074, S000202) [closure rule 1, origin: s 74 176]
[2026-03-17 04:21:34]   +special (S000074, S000205) [closure rule 1, origin: s 74 176]
[2026-03-17 04:21:34]   +special (S000074, S000210) [closure rule 1, origin: s 74 176]
[2026-03-17 04:21:57] show2 176
[2026-03-17 04:22:49] r 85 176
[2026-03-17 04:22:51]   +pairs_reduced (S000085, S000176) [direct]
[2026-03-17 04:22:51]   +reduced (S000083, S000176) [closure rule 2, origin: r 85 176]
[2026-03-17 04:22:51]   +reduced (S000084, S000176) [closure rule 2, origin: r 85 176]
[2026-03-17 04:22:51]   +reduced (S000083, S000030) [closure rule 3, origin: r 85 176]
[2026-03-17 04:22:51]   +reduced (S000083, S000032) [closure rule 3, origin: r 85 176]
[2026-03-17 04:22:51]   +reduced (S000083, S000168) [closure rule 3, origin: r 85 176]
[2026-03-17 04:22:51]   +reduced (S000083, S000169) [closure rule 3, origin: r 85 176]
[2026-03-17 04:22:51]   +reduced (S000084, S000030) [closure rule 3, origin: r 85 176]
[2026-03-17 04:22:51]   +reduced (S000084, S000032) [closure rule 3, origin: r 85 176]
[2026-03-17 04:22:51]   +reduced (S000084, S000168) [closure rule 3, origin: r 85 176]
[2026-03-17 04:22:51]   +reduced (S000084, S000169) [closure rule 3, origin: r 85 176]
[2026-03-17 04:22:51]   +reduced (S000085, S000030) [closure rule 3, origin: r 85 176]
[2026-03-17 04:22:51]   +reduced (S000085, S000032) [closure rule 3, origin: r 85 176]
[2026-03-17 04:22:51]   +reduced (S000085, S000168) [closure rule 3, origin: r 85 176]
[2026-03-17 04:22:51]   +reduced (S000085, S000169) [closure rule 3, origin: r 85 176]
[2026-03-17 04:23:42] r 192 176
[2026-03-17 04:23:45]   +pairs_reduced (S000192, S000176) [direct]
[2026-03-17 04:23:45]   +reduced (S000192, S000030) [closure rule 3, origin: r 192 176]
[2026-03-17 04:23:45]   +reduced (S000192, S000032) [closure rule 3, origin: r 192 176]
[2026-03-17 04:23:45]   +reduced (S000192, S000168) [closure rule 3, origin: r 192 176]
[2026-03-17 04:23:45]   +reduced (S000192, S000169) [closure rule 3, origin: r 192 176]
[2026-03-17 04:25:10] r 201 176
[2026-03-17 04:25:11]   +pairs_reduced (S000201, S000176) [direct]
[2026-03-17 04:25:11]   +reduced (S000201, S000168) [closure rule 3, origin: r 201 176]
[2026-03-17 04:25:46] show1 176
[2026-03-17 04:25:53] show2 127
[2026-03-17 04:26:11] show 176
[2026-03-17 04:27:46] r 196 176
[2026-03-17 04:27:55]   +pairs_reduced (S000196, S000176) [direct]
[2026-03-17 04:27:56]   +reduced (S000196, S000030) [closure rule 3, origin: r 196 176]
[2026-03-17 04:27:56]   +reduced (S000196, S000032) [closure rule 3, origin: r 196 176]
[2026-03-17 04:27:56]   +reduced (S000196, S000168) [closure rule 3, origin: r 196 176]
[2026-03-17 04:27:56]   +reduced (S000196, S000169) [closure rule 3, origin: r 196 176]
[2026-03-17 04:27:56]   +reduced (S000196, S000197) [closure rule 3, origin: r 196 176]
[2026-03-17 04:28:19] show1 153
[2026-03-17 04:34:21] s 153 35
[2026-03-17 04:34:23]   +special_pairs (S000153, S000035) [direct]
[2026-03-17 04:34:23]   +special (S000038, S000035) [closure rule 1, origin: s 153 35]
[2026-03-17 04:34:23]   +special (S000039, S000035) [closure rule 1, origin: s 153 35]
[2026-03-17 04:34:23]   +special (S000040, S000035) [closure rule 1, origin: s 153 35]
[2026-03-17 04:34:23]   +special (S000149, S000035) [closure rule 1, origin: s 153 35]
[2026-03-17 04:34:23]   +special (S000173, S000035) [closure rule 1, origin: s 153 35]
[2026-03-17 04:34:23]   +special (S000196, S000035) [closure rule 1, origin: s 153 35]
[2026-03-17 04:34:32] propagate
[2026-03-17 04:34:46] q
[2026-03-17 04:34:46] --- session end ---
[2026-03-17 12:29:10] --- session start --- Reduced=41833 Special=2472
[2026-03-17 12:29:20] bottom
[2026-03-17 13:38:18] s 100 187
[2026-03-17 13:38:21]   +special_pairs (S000100, S000187) [direct]
[2026-03-17 13:38:25] show1 100
[2026-03-17 13:41:24] s 100 189
[2026-03-17 13:41:26]   +special_pairs (S000100, S000189) [direct]
[2026-03-17 13:41:26]   +reduced (S000045, S000100) [closure rule 3, origin: s 100 189]
[2026-03-17 13:41:30] show1 100
[2026-03-17 13:45:09] s 100 200
[2026-03-17 13:46:23] s 100 15
[2026-03-17 13:47:01]   +special_pairs (S000100, S000015) [direct]
[2026-03-17 13:47:08] show1 100
[2026-03-17 13:51:30] r 100 144
[2026-03-17 13:51:31]   +pairs_reduced (S000100, S000144) [direct]
[2026-03-17 13:51:31]   +reduced (S000100, S000049) [closure rule 3, origin: r 100 144]
[2026-03-17 13:51:31]   +reduced (S000100, S000152) [closure rule 3, origin: r 100 144]
[2026-03-17 13:51:38] show1 100
[2026-03-17 13:53:09] history 10
[2026-03-17 13:55:23] r 100 213
[2026-03-17 13:55:24]   +pairs_reduced (S000100, S000213) [direct]
[2026-03-17 13:55:33] show1 100
[2026-03-17 14:03:12] s 100 188
[2026-03-17 14:03:16]   +special_pairs (S000100, S000188) [direct]
[2026-03-17 14:03:27] bottom
[2026-03-17 14:05:02] info 100
[2026-03-17 14:09:23] see 153 190
[2026-03-17 14:09:33] see 153 170
[2026-03-17 14:10:15] see 113 170
[2026-03-17 14:10:19] info 113
[2026-03-17 14:10:23] show1 1134
[2026-03-17 14:10:30] show1 113
[2026-03-17 14:11:17] r 113 170
[2026-03-17 14:11:20]   +pairs_reduced (S000113, S000170) [direct]
[2026-03-17 14:11:20]   +reduced (S000113, S000112) [closure rule 3, origin: r 113 170]
[2026-03-17 14:11:33] show1 113
[2026-03-17 14:11:57] see 25 205
[2026-03-17 14:13:32] r 113 205
[2026-03-17 14:13:33]   +pairs_reduced (S000113, S000205) [direct]
[2026-03-17 14:14:13] sinfo 205
[2026-03-17 14:14:16] info 205
[2026-03-17 14:14:24] show1 205
[2026-03-17 14:15:46] show1 205
[2026-03-17 14:17:33] s 115 170
[2026-03-17 14:17:35]   +special_pairs (S000115, S000170) [direct]
[2026-03-17 14:17:35]   +reduced (S000065, S000115) [closure rule 3, origin: s 115 170]
[2026-03-17 14:17:35]   +reduced (S000113, S000115) [closure rule 3, origin: s 115 170]
[2026-03-17 14:18:39] r 205 170
[2026-03-17 14:18:41]   +pairs_reduced (S000205, S000170) [direct]
[2026-03-17 14:18:41]   +reduced (S000114, S000170) [closure rule 2, origin: r 205 170]
[2026-03-17 14:18:41]   +reduced (S000114, S000112) [closure rule 3, origin: r 205 170]
[2026-03-17 14:18:41]   +reduced (S000114, S000115) [closure rule 3, origin: r 205 170]
[2026-03-17 14:18:41]   +reduced (S000205, S000112) [closure rule 3, origin: r 205 170]
[2026-03-17 14:18:41]   +reduced (S000205, S000115) [closure rule 3, origin: r 205 170]
[2026-03-17 14:18:52] info 170
[2026-03-17 14:18:59] show1 170
[2026-03-17 14:19:14] see 25 205
[2026-03-17 14:19:22] r 170 205
[2026-03-17 14:19:23]   +pairs_reduced (S000170, S000205) [direct]
[2026-03-17 14:19:35] see 25 113
[2026-03-17 14:19:44] r 170 113
[2026-03-17 14:19:48]   +pairs_reduced (S000170, S000113) [direct]
[2026-03-17 14:19:48]   +reduced (S000170, S000114) [closure rule 3, origin: r 170 113]
[2026-03-17 14:19:48]   +reduced (S000170, S000115) [closure rule 3, origin: r 170 113]
[2026-03-17 14:19:54] show1 170
[2026-03-17 14:20:02] see 25 201
[2026-03-17 14:20:10] r 170 201
[2026-03-17 14:20:10]   +pairs_reduced (S000170, S000201) [direct]
[2026-03-17 14:20:21] show1 25
[2026-03-17 14:21:19] r 170 75
[2026-03-17 14:21:21]   +pairs_reduced (S000170, S000075) [direct]
[2026-03-17 14:21:39] r 170 126
[2026-03-17 14:21:39]   +pairs_reduced (S000170, S000126) [direct]
[2026-03-17 14:21:40]   +reduced (S000170, S000125) [closure rule 3, origin: r 170 126]
[2026-03-17 14:21:44] show1 170
[2026-03-17 14:22:00] r 170 142
[2026-03-17 14:22:01]   +pairs_reduced (S000170, S000142) [direct]
[2026-03-17 14:22:10] r 170 119
[2026-03-17 14:22:11]   +pairs_reduced (S000170, S000119) [direct]
[2026-03-17 14:22:18] r 170 128
[2026-03-17 14:22:19]   +pairs_reduced (S000170, S000128) [direct]
[2026-03-17 14:22:23] show1 170
[2026-03-17 14:22:32] see 25 127
[2026-03-17 14:22:39] r 170 127
[2026-03-17 14:22:41]   +pairs_reduced (S000170, S000127) [direct]
[2026-03-17 14:22:58] r 170 121
[2026-03-17 14:22:59]   +pairs_reduced (S000170, S000121) [direct]
[2026-03-17 14:23:09] show1 170
[2026-03-17 14:23:15] r 170 112
[2026-03-17 14:23:16]   +pairs_reduced (S000170, S000112) [direct]
[2026-03-17 14:23:21] r 170 116
[2026-03-17 14:23:21]   +pairs_reduced (S000170, S000116) [direct]
[2026-03-17 14:23:22]   +reduced (S000170, S000117) [closure rule 3, origin: r 170 116]
[2026-03-17 14:23:25] r 170 117
[2026-03-17 14:23:40] r 170 120
[2026-03-17 14:23:42]   +pairs_reduced (S000170, S000120) [direct]
[2026-03-17 14:23:46] show1 170
[2026-03-17 14:24:56] bottom
[2026-03-17 14:25:04] show 82
[2026-03-17 14:25:42] r 82 147
[2026-03-17 14:25:44]   +pairs_reduced (S000082, S000147) [direct]
[2026-03-17 14:25:49] r 82 148
[2026-03-17 14:25:50]   +pairs_reduced (S000082, S000148) [direct]
[2026-03-17 14:26:25] r 82 132
[2026-03-17 14:26:25]   +pairs_reduced (S000082, S000132) [direct]
[2026-03-17 14:26:52] r 82 142
[2026-03-17 14:26:53]   +pairs_reduced (S000082, S000142) [direct]
[2026-03-17 14:27:21] show 82
[2026-03-17 14:27:53] r 82 62
[2026-03-17 14:27:54]   +pairs_reduced (S000082, S000062) [direct]
[2026-03-17 14:28:18] r 82 126
[2026-03-17 14:28:19]   +pairs_reduced (S000082, S000126) [direct]
[2026-03-17 14:28:27] show 82
[2026-03-17 14:28:42] info 82
[2026-03-17 14:29:02] completed
[2026-03-17 14:29:15] botton
[2026-03-17 14:29:18] bottom
[2026-03-17 14:32:26] r 100 7
[2026-03-17 14:32:31]   +pairs_reduced (S000100, S000007) [direct]
[2026-03-17 14:32:31]   +reduced (S000100, S000008) [closure rule 3, origin: r 100 7]
[2026-03-17 14:32:31]   +reduced (S000100, S000048) [closure rule 3, origin: r 100 7]
[2026-03-17 14:32:31]   +reduced (S000100, S000051) [closure rule 3, origin: r 100 7]
[2026-03-17 14:32:39] bottom
[2026-03-17 14:34:14] s 100 11
[2026-03-17 14:34:16]   +special_pairs (S000100, S000011) [direct]
[2026-03-17 14:35:18] see 200 199
[2026-03-17 14:35:36] history 50
[2026-03-17 14:36:05] history 100
[2026-03-17 14:42:39] q
[2026-03-17 14:42:39] --- session end ---
[2026-03-17 14:43:06] --- session start --- Reduced=41876 Special=2478
[2026-03-17 14:43:10] see 100 199
[2026-03-17 14:43:47] s 100 199
[2026-03-17 14:43:49]   +special_pairs (S000100, S000199) [direct]
[2026-03-17 14:44:01] show1 100
[2026-03-17 14:44:47] show 34
[2026-03-17 14:45:19] see 1 2
[2026-03-17 14:45:26] bottom
[2026-03-17 14:45:45] show 221
[2026-03-17 14:50:31] show1 100
[2026-03-17 14:50:48] r 100 12
[2026-03-17 14:50:55]   +pairs_reduced (S000100, S000012) [direct]
[2026-03-17 14:50:56]   +reduced (S000100, S000050) [closure rule 3, origin: r 100 12]
[2026-03-17 14:50:56]   +reduced (S000100, S000118) [closure rule 3, origin: r 100 12]
[2026-03-17 14:51:00] bottom
[2026-03-17 14:51:13] show 217
[2026-03-17 14:51:29] s 217 166
[2026-03-17 14:51:30]   +special_pairs (S000217, S000166) [direct]
[2026-03-17 14:51:30]   +special (S000217, S000199) [closure rule 1, origin: s 217 166]
[2026-03-17 14:51:37] s 166 199
[2026-03-17 14:51:41] bottom
[2026-03-17 14:53:54] show1 100
[2026-03-17 15:18:51] q
[2026-03-17 15:18:51] --- session end ---
[2026-03-17 15:31:39] --- session start --- Reduced=41879 Special=2481
[2026-03-17 15:32:50] q
[2026-03-17 15:32:50] --- session end ---
[2026-03-17 15:48:04] --- session start --- Reduced=41879 Special=2481
[2026-03-17 15:48:07] bottom
[2026-03-17 15:48:36] see 100 25
[2026-03-17 15:48:43] show1 100
[2026-03-17 15:59:22] r 100 2
[2026-03-17 15:59:26] r 100 2
[2026-03-17 15:59:28]   +pairs_reduced (S000100, S000002) [direct]
[2026-03-17 15:59:28]   +reduced (S000100, S000020) [closure rule 3, origin: r 100 2]
[2026-03-17 15:59:28]   +reduced (S000100, S000027) [closure rule 3, origin: r 100 2]
[2026-03-17 15:59:28]   +reduced (S000100, S000033) [closure rule 3, origin: r 100 2]
[2026-03-17 15:59:28]   +reduced (S000100, S000034) [closure rule 3, origin: r 100 2]
[2026-03-17 15:59:28]   +reduced (S000100, S000047) [closure rule 3, origin: r 100 2]
[2026-03-17 15:59:28]   +reduced (S000100, S000185) [closure rule 3, origin: r 100 2]
[2026-03-17 15:59:28]   +reduced (S000100, S000202) [closure rule 3, origin: r 100 2]
[2026-03-17 15:59:33] bottom
[2026-03-17 15:59:47] show 54
[2026-03-17 15:59:59] top
[2026-03-17 16:00:08] info 34
[2026-03-17 16:00:15] info 130
[2026-03-17 16:00:33] propagate
[2026-03-17 16:00:43] status
[2026-03-17 16:01:00] show1 100
[2026-03-17 16:02:24] r 100 200
[2026-03-17 16:02:25]   +pairs_reduced (S000100, S000200) [direct]
[2026-03-17 16:02:25]   +reduced (S000100, S000150) [closure rule 3, origin: r 100 200]
[2026-03-17 16:02:25]   +reduced (S000100, S000151) [closure rule 3, origin: r 100 200]
[2026-03-17 16:02:25]   +reduced (S000100, S000160) [closure rule 3, origin: r 100 200]
[2026-03-17 16:02:25]   +reduced (S000100, S000167) [closure rule 3, origin: r 100 200]
[2026-03-17 16:02:32] show1 100
[2026-03-17 16:03:27] r 100 166
[2026-03-17 16:03:29]   +pairs_reduced (S000100, S000166) [direct]
[2026-03-17 16:03:37] show 166
[2026-03-17 16:03:53] completed
[2026-03-17 16:04:22] show 100
[2026-03-17 16:05:04] bottom
[2026-03-17 16:05:14] show 199
[2026-03-17 16:05:40] show1 167
[2026-03-17 16:06:02] s 167 160
[2026-03-17 16:06:06]   +special_pairs (S000167, S000160) [direct]
[2026-03-17 16:06:23] s 167 166
[2026-03-17 16:06:27]   +special_pairs (S000167, S000166) [direct]
[2026-03-17 16:06:27]   +special (S000167, S000199) [closure rule 1, origin: s 167 166]
[2026-03-17 16:06:32] bottom
[2026-03-17 16:06:38] show 199
[2026-03-17 16:07:29] show 219
[2026-03-17 16:09:47] s 85 219
[2026-03-17 16:09:48]   +special_pairs (S000085, S000219) [direct]
[2026-03-17 16:10:00] bottom
[2026-03-17 16:10:11] show 220
[2026-03-17 16:15:07] q
[2026-03-17 16:15:07] --- session end ---
[2026-03-17 16:29:48] --- session start --- Reduced=41893 Special=2485
[2026-03-17 16:29:54] s 221 220
[2026-03-17 16:29:56]   +special_pairs (S000221, S000220) [direct]
[2026-03-17 16:30:07] show 221
[2026-03-17 16:30:09] show 220
[2026-03-17 16:30:11] bottom
[2026-03-17 16:30:28] show 50
[2026-03-17 16:30:32] show1 118
[2026-03-17 16:31:33] status
[2026-03-17 16:31:43] random
[2026-03-17 16:32:42] top 200
[2026-03-17 16:32:54] show 38
[2026-03-17 16:33:07] show 149
[2026-03-17 16:36:37] r 39 149
[2026-03-17 16:36:39]   +pairs_reduced (S000039, S000149) [direct]
[2026-03-17 16:36:39]   +reduced (S000038, S000149) [closure rule 2, origin: r 39 149]
[2026-03-17 16:36:39]   +reduced (S000153, S000149) [closure rule 2, origin: r 39 149]
[2026-03-17 16:36:56] info 25
[2026-03-17 16:37:06] show 25
[2026-03-17 16:37:51] random
[2026-03-17 16:38:07] show 26
[2026-03-17 16:55:41] s 222 26
[2026-03-17 16:55:42]   +special_pairs (S000222, S000026) [direct]
[2026-03-17 16:55:45] propagate
[2026-03-17 16:56:13] q
[2026-03-17 16:56:13] --- session end ---
[2026-03-17 17:55:37] --- session start --- Reduced=41896 Special=2487
[2026-03-17 17:55:51] show 26
[2026-03-17 17:55:59] show1 26
[2026-03-17 17:57:40] s 26 24
[2026-03-17 17:57:51] s 26 34
[2026-03-17 17:57:53]   +special_pairs (S000026, S000034) [direct]
[2026-03-17 17:57:53]   +special (S000026, S000033) [closure rule 1, origin: s 26 34]
[2026-03-17 17:58:12] show1 26
[2026-03-17 18:29:35] show1 169
[2026-03-17 18:29:53] see 176 168
[2026-03-17 19:12:02] see 176 168
[2026-03-17 19:12:15] show1 176
[2026-03-17 19:26:30] random
[2026-03-17 19:26:38] show 137
[2026-03-17 19:26:45] info 173
[2026-03-17 19:26:58] show1 173
[2026-03-17 19:27:05] show 137
[2026-03-17 19:27:08] show 137
[2026-03-17 19:27:14] show1 137
[2026-03-17 19:27:33] info 201
[2026-03-17 19:27:38] show1 201
[2026-03-17 19:29:23] q
[2026-03-17 19:29:23] --- session end ---
[2026-03-17 19:33:57] --- session start --- Reduced=41896 Special=2489
[2026-03-17 19:34:00] see 25 205
[2026-03-17 19:35:11] r 201 205
[2026-03-17 19:35:14]   +pairs_reduced (S000201, S000205) [direct]
[2026-03-17 22:34:15] q
[2026-03-17 22:34:15] --- session end ---
[2026-03-17 22:41:22] --- session start --- Reduced=41897 Special=2489
[2026-03-17 22:41:32] bottom
[2026-03-17 22:41:54] show 199
[2026-03-17 22:42:38] s 151 199
[2026-03-17 22:42:39]   +special_pairs (S000151, S000199) [direct]
[2026-03-17 22:42:43] bottom
[2026-03-17 22:42:57] show 151
[2026-03-17 22:43:26] show2 151
[2026-03-17 22:43:37] s 167 151
[2026-03-17 22:43:48]   +special_pairs (S000167, S000151) [direct]
[2026-03-17 22:43:53] bottom
[2026-03-17 22:44:00] show 167
[2026-03-17 22:45:46] undo
[2026-03-17 22:45:51] history 1
[2026-03-17 22:46:02] see 167 151
[2026-03-17 22:46:41] show 167
[2026-03-17 22:46:52] see 150 151
[2026-03-17 22:48:48] s 151 167
[2026-03-17 22:48:52]   +special_pairs (S000151, S000167) [direct]
[2026-03-17 22:48:52]   +special (S000151, S000160) [closure rule 1, origin: s 151 167]
[2026-03-17 22:48:52]   +special (S000151, S000166) [closure rule 1, origin: s 151 167]
[2026-03-17 22:49:26] show 167
[2026-03-17 22:49:38] show 151
[2026-03-17 22:49:48] show 167
[2026-03-17 22:51:16] r 167 151
[2026-03-17 22:51:18]   +pairs_reduced (S000167, S000151) [direct]
[2026-03-17 22:52:12] r 167 150
[2026-03-17 22:52:15]   +pairs_reduced (S000167, S000150) [direct]
[2026-03-17 22:52:19] show 167
[2026-03-17 22:53:21] bottom
[2026-03-17 22:53:34] show 150
[2026-03-17 22:55:11] show 219
[2026-03-17 23:11:13] s 110 111
[2026-03-17 23:11:17]   +special_pairs (S000110, S000111) [direct]
[2026-03-17 23:11:22] propagate
[2026-03-17 23:14:03] show1 111
[2026-03-17 23:19:47] r 111 23
[2026-03-17 23:19:47]   +pairs_reduced (S000111, S000023) [direct]
[2026-03-17 23:24:41] r 111 23
[2026-03-17 23:24:48] r 111 96
[2026-03-17 23:24:51]   +pairs_reduced (S000111, S000096) [direct]
[2026-03-17 23:24:56] bottom
[2026-03-17 23:25:43] show 165
[2026-03-17 23:28:47] show 20
[2026-03-17 23:28:58] info 20
[2026-03-18 00:49:32] show 65
[2026-03-18 00:51:26] see 25 83
[2026-03-18 00:52:11] s 83 65
[2026-03-18 00:52:14]   +special_pairs (S000083, S000065) [direct]
[2026-03-18 00:52:14]   +special (S000084, S000065) [closure rule 1, origin: s 83 65]
[2026-03-18 00:52:14]   +special (S000085, S000065) [closure rule 1, origin: s 83 65]
[2026-03-18 00:52:14]   +special (S000209, S000065) [closure rule 1, origin: s 83 65]
[2026-03-18 00:53:22] r 65 83
[2026-03-18 00:53:25]   +pairs_reduced (S000065, S000083) [direct]
[2026-03-18 00:53:26]   +reduced (S000065, S000209) [closure rule 3, origin: r 65 83]
[2026-03-18 00:53:41] see 209 85
[2026-03-18 00:53:50] see 209 83
[2026-03-18 00:54:00] show 65
[2026-03-18 00:55:05] r 65 113
[2026-03-18 00:55:07]   +pairs_reduced (S000065, S000113) [direct]
[2026-03-18 00:55:07]   +reduced (S000065, S000114) [closure rule 3, origin: r 65 113]
[2026-03-18 00:55:07]   +reduced (S000065, S000205) [closure rule 3, origin: r 65 113]
[2026-03-18 00:55:12] show 65
[2026-03-18 00:55:25] q
[2026-03-18 00:55:25] --- session end ---
[2026-03-18 01:04:08] --- session start --- Reduced=41953 Special=2498
[2026-03-18 01:04:13] see 86 66
[2026-03-18 01:04:16] check
[2026-03-18 01:05:58] s 86 66
[2026-03-18 01:06:19] q
[2026-03-18 01:06:19] --- session end ---
[2026-03-18 01:08:06] --- session start --- Reduced=41935 Special=2498
[2026-03-18 01:08:19] see 86 83
[2026-03-18 01:08:26] s 86 83
[2026-03-18 01:08:27]   +special_pairs (S000086, S000083) [direct]
[2026-03-18 01:08:27]   +special (S000086, S000065) [closure rule 1, origin: s 86 83]
[2026-03-18 01:08:40] s 66 83
[2026-03-18 01:08:49] see 66 83
[2026-03-18 01:12:49] show 83
[2026-03-18 01:16:18] see 209
[2026-03-18 01:16:21] show 209
[2026-03-18 01:17:39] q
[2026-03-18 01:17:39] --- session end ---
[2026-03-18 01:18:31] --- session start --- Reduced=41971 Special=2500
[2026-03-18 01:18:35] show 209
[2026-03-18 01:18:44] s 209 170
[2026-03-18 01:18:45]   +special_pairs (S000209, S000170) [direct]
[2026-03-18 01:18:45]   +reduced (S000083, S000209) [closure rule 3, origin: s 209 170]
[2026-03-18 01:18:51] show 209
[2026-03-18 01:19:33] see 83 209
[2026-03-18 01:20:13] r 86 209
[2026-03-18 01:20:14]   +pairs_reduced (S000086, S000209) [direct]
[2026-03-18 01:20:23] r 85 209
[2026-03-18 01:20:24]   +pairs_reduced (S000085, S000209) [direct]
[2026-03-18 01:20:25]   +reduced (S000084, S000209) [closure rule 2, origin: r 85 209]
[2026-03-18 01:20:56] show 209
[2026-03-18 01:21:26] r 209 84
[2026-03-18 01:21:32]   +pairs_reduced (S000209, S000084) [direct]
[2026-03-18 01:22:04] show 37
[2026-03-18 01:22:21] show 36
[2026-03-18 01:22:32] see 37 36
[2026-03-18 01:22:37] info 37
[2026-03-18 01:22:40] info 36
[2026-03-18 01:23:18] info 38
[2026-03-18 01:24:06] q
[2026-03-18 01:24:06] --- session end ---
[2026-03-18 01:24:51] --- session start --- Reduced=41993 Special=2501
[2026-03-18 01:25:09] show 36
[2026-03-18 01:26:44] s 36 155
[2026-03-18 01:26:57]   +special_pairs (S000036, S000155) [direct]
[2026-03-18 01:26:57]   +special (S000037, S000155) [closure rule 1, origin: s 36 155]
[2026-03-18 01:26:57]   +special (S000078, S000155) [closure rule 1, origin: s 36 155]
[2026-03-18 01:26:57]   +special (S000079, S000155) [closure rule 1, origin: s 36 155]
[2026-03-18 01:26:57]   +special (S000088, S000155) [closure rule 1, origin: s 36 155]
[2026-03-18 01:26:57]   +special (S000089, S000155) [closure rule 1, origin: s 36 155]
[2026-03-18 01:26:57]   +special (S000181, S000155) [closure rule 1, origin: s 36 155]
[2026-03-18 01:26:57]   +special (S000218, S000155) [closure rule 1, origin: s 36 155]
[2026-03-18 01:27:53] info 36
[2026-03-18 01:28:10] info 155
[2026-03-18 01:29:27] show1 155
[2026-03-18 01:30:01] see 157 22
[2026-03-18 01:30:14] see 22 155
[2026-03-18 01:30:30] bottom
[2026-03-18 01:30:41] show 166
[2026-03-18 01:30:54] show1 118
[2026-03-18 01:31:25] status
[2026-03-18 01:31:33] popagate
[2026-03-18 01:31:39] propagate
[2026-03-18 14:49:42] --- session start --- Reduced=41993 Special=2509
[2026-03-18 14:50:27] bottom
[2026-03-18 14:51:48] status
[2026-03-18 14:51:54] propagate
[2026-03-18 14:52:14] show1 176
[2026-03-18 14:53:11] show1 174
[2026-03-18 14:53:22] s 174 2
[2026-03-18 14:53:23]   +special_pairs (S000174, S000002) [direct]
[2026-03-18 14:57:04] s 174 20
[2026-03-18 14:57:05]   +special_pairs (S000174, S000020) [direct]
[2026-03-18 14:59:13] show1 176
[2026-03-18 14:59:17] show1 174
[2026-03-18 17:51:51] --- session start --- Reduced=41993 Special=2511
[2026-03-18 17:51:58] see 174 2
[2026-03-18 17:52:05] propagate
[2026-03-18 21:05:03] --- session start --- Reduced=41993 Special=2511
[2026-03-18 21:05:08] see 172 2
[2026-03-18 21:05:23] info 172
[2026-03-18 21:24:49] q
[2026-03-18 21:24:49] --- session end ---
[2026-03-19 00:07:44] --- session start --- Reduced=41993 Special=2511
[2026-03-19 00:07:47] see 192 65
[2026-03-19 00:24:58] propagate
[2026-03-19 00:25:17] see 195 25
[2026-03-19 00:25:22] see 192 25
[2026-03-19 00:52:08] see 186 97
